Info: Starting: Create block symbol file (.bsf)
Info: qsys-generate C:\EXTDOC\WORK_SPACE-2ND\mix\MYSDR\qii-my\nco\nco.qsys --block-symbol-file --output-directory=C:\EXTDOC\WORK_SPACE-2ND\mix\MYSDR\qii-my\nco\nco --family="Cyclone IV E" --part=EP4CE10F17C8
Progress: Loading nco/nco.qsys
Progress: Reading input file
Progress: Adding nco_ii_0 [altera_nco_ii 17.1]
Progress: Parameterizing module nco_ii_0
Progress: Building connections
Progress: Parameterizing connections
Progress: Validating
Progress: Done reading input file
Info: qsys-generate succeeded.
Info: Finished: Create block symbol file (.bsf)
Info: 
Info: Starting: Create HDL design files for synthesis
Info: qsys-generate C:\EXTDOC\WORK_SPACE-2ND\mix\MYSDR\qii-my\nco\nco.qsys --synthesis=VERILOG --output-directory=C:\EXTDOC\WORK_SPACE-2ND\mix\MYSDR\qii-my\nco\nco\synthesis --family="Cyclone IV E" --part=EP4CE10F17C8
Progress: Loading nco/nco.qsys
Progress: Reading input file
Progress: Adding nco_ii_0 [altera_nco_ii 17.1]
Progress: Parameterizing module nco_ii_0
Progress: Building connections
Progress: Parameterizing connections
Progress: Validating
Progress: Done reading input file
Info: nco: Generating nco "nco" for QUARTUS_SYNTH
Info: nco_ii_0: "nco" instantiated altera_nco_ii "nco_ii_0"
Info: nco: Done "nco" with 2 modules, 15 files
Info: qsys-generate succeeded.
Info: Finished: Create HDL design files for synthesis
